[35m[1mScanning dependencies of target VideoRead[0m
[ 50%] [32mBuilding CXX object CMakeFiles/VideoRead.dir/src/VideoRead.cpp.o[0m
[01m[K/home/toby/ros2OnLaptop_ws/src/videoRead/src/VideoRead.cpp:20:42:[m[K [01;31m[Kerror: [m[Kâ€˜[01m[KImageConstPtr[m[Kâ€™ in namespace â€˜[01m[Ksensor_msgs[m[Kâ€™ does not name a type
     void displayImage(const sensor_msgs::[01;31m[KImageConstPtr[m[K img)
                                          [01;31m[K^~~~~~~~~~~~~[m[K
[01m[K/home/toby/ros2OnLaptop_ws/src/videoRead/src/VideoRead.cpp:33:39:[m[K [01;31m[Kerror: [m[Kâ€˜[01m[KImageConstPtr[m[Kâ€™ is not a member of â€˜[01m[Ksensor_msgs[m[Kâ€™
     rclcpp::Subscription<sensor_msgs::[01;31m[KImageConstPtr[m[K>::SharedPtr sub;
                                       [01;31m[K^~~~~~~~~~~~~[m[K
[01m[K/home/toby/ros2OnLaptop_ws/src/videoRead/src/VideoRead.cpp:33:39:[m[K [01;31m[Kerror: [m[Kâ€˜[01m[KImageConstPtr[m[Kâ€™ is not a member of â€˜[01m[Ksensor_msgs[m[Kâ€™
[01m[K/home/toby/ros2OnLaptop_ws/src/videoRead/src/VideoRead.cpp:33:52:[m[K [01;31m[Kerror: [m[Ktemplate argument 1 is invalid
     rclcpp::Subscription<sensor_msgs::ImageConstPtr[01;31m[K>[m[K::SharedPtr sub;
                                                    [01;31m[K^[m[K
[01m[K/home/toby/ros2OnLaptop_ws/src/videoRead/src/VideoRead.cpp:33:55:[m[K [01;31m[Kerror: [m[Kexpected â€˜[01m[K;[m[Kâ€™ at end of member declaration
     rclcpp::Subscription<sensor_msgs::ImageConstPtr>::[01;31m[KSharedPtr[m[K sub;
                                                       [01;31m[K^~~~~~~~~[m[K
[01m[K/home/toby/ros2OnLaptop_ws/src/videoRead/src/VideoRead.cpp:33:65:[m[K [01;31m[Kerror: [m[Kâ€˜[01m[Ksub[m[Kâ€™ does not name a type
     rclcpp::Subscription<sensor_msgs::ImageConstPtr>::SharedPtr [01;31m[Ksub[m[K;
                                                                 [01;31m[K^~~[m[K
[01m[K/home/toby/ros2OnLaptop_ws/src/videoRead/src/VideoRead.cpp:[m[K In constructor â€˜[01m[KvideoReader::videoReader()[m[Kâ€™:
[01m[K/home/toby/ros2OnLaptop_ws/src/videoRead/src/VideoRead.cpp:16:9:[m[K [01;31m[Kerror: [m[Kâ€˜[01m[Ksub[m[Kâ€™ was not declared in this scope
         [01;31m[Ksub[m[K = this->create_subscription<sensor_msgs::ImageConstPtr>("camera/image_raw", 1, bind(&videoReader::displayImage,this, 1));
         [01;31m[K^~~[m[K
[01m[K/home/toby/ros2OnLaptop_ws/src/videoRead/src/VideoRead.cpp:16:54:[m[K [01;31m[Kerror: [m[Kâ€˜[01m[KImageConstPtr[m[Kâ€™ is not a member of â€˜[01m[Ksensor_msgs[m[Kâ€™
         sub = this->create_subscription<sensor_msgs::[01;31m[KImageConstPtr[m[K>("camera/image_raw", 1, bind(&videoReader::displayImage,this, 1));
                                                      [01;31m[K^~~~~~~~~~~~~[m[K
[01m[K/home/toby/ros2OnLaptop_ws/src/videoRead/src/VideoRead.cpp:16:54:[m[K [01;31m[Kerror: [m[Kâ€˜[01m[KImageConstPtr[m[Kâ€™ is not a member of â€˜[01m[Ksensor_msgs[m[Kâ€™
[01m[K/home/toby/ros2OnLaptop_ws/src/videoRead/src/VideoRead.cpp:16:132:[m[K [01;31m[Kerror: [m[Kno matching function for call to â€˜[01m[KvideoReader::create_subscription<<expression error> >(const char [17], int, std::_Bind_helper<false, void (videoReader::*)(int), videoReader*, int>::type)[m[Kâ€™
         sub = this->create_subscription<sensor_msgs::ImageConstPtr>("camera/image_raw", 1, bind(&videoReader::displayImage,this, 1)[01;31m[K)[m[K;
                                                                                                                                    [01;31m[K^[m[K
In file included from [01m[K/opt/ros/dashing/include/rclcpp/executors/single_threaded_executor.hpp:28:0[m[K,
                 from [01m[K/opt/ros/dashing/include/rclcpp/executors.hpp:22[m[K,
                 from [01m[K/opt/ros/dashing/include/rclcpp/rclcpp.hpp:144[m[K,
                 from [01m[K/home/toby/ros2OnLaptop_ws/src/videoRead/src/VideoRead.cpp:2[m[K:
[01m[K/opt/ros/dashing/include/rclcpp/node.hpp:242:3:[m[K [01;36m[Knote: [m[Kcandidate: template<class MessageT, class CallbackT, class AllocatorT, class SubscriptionT> std::shared_ptr<SubscriptionT> rclcpp::Node::create_subscription(const string&, const rclcpp::QoS&, CallbackT&&, const rclcpp::SubscriptionOptionsWithAllocator<AllocatorT>&, typename rclcpp::message_memory_strategy::MessageMemoryStrategy<typename rclcpp::subscription_traits::has_message_type<CallbackT>::type, AllocatorT>::SharedPtr)
   [01;36m[Kcreate_subscription[m[K(
   [01;36m[K^~~~~~~~~~~~~~~~~~~[m[K
[01m[K/opt/ros/dashing/include/rclcpp/node.hpp:242:3:[m[K [01;36m[Knote: [m[K  template argument deduction/substitution failed:
[01m[K/home/toby/ros2OnLaptop_ws/src/videoRead/src/VideoRead.cpp:16:132:[m[K [01;31m[Kerror: [m[Ktemplate argument 1 is invalid
         sub = this->create_subscription<sensor_msgs::ImageConstPtr>("camera/image_raw", 1, bind(&videoReader::displayImage,this, 1)[01;31m[K)[m[K;
                                                                                                                                    [01;31m[K^[m[K
In file included from [01m[K/opt/ros/dashing/include/rclcpp/executors/single_threaded_executor.hpp:28:0[m[K,
                 from [01m[K/opt/ros/dashing/include/rclcpp/executors.hpp:22[m[K,
                 from [01m[K/opt/ros/dashing/include/rclcpp/rclcpp.hpp:144[m[K,
                 from [01m[K/home/toby/ros2OnLaptop_ws/src/videoRead/src/VideoRead.cpp:2[m[K:
[01m[K/opt/ros/dashing/include/rclcpp/node.hpp:279:3:[m[K [01;36m[Knote: [m[Kcandidate: template<class MessageT, class CallbackT, class Alloc, class SubscriptionT> std::shared_ptr<SubscriptionT> rclcpp::Node::create_subscription(const string&, CallbackT&&, const rmw_qos_profile_t&, rclcpp::callback_group::CallbackGroup::SharedPtr, bool, typename rclcpp::message_memory_strategy::MessageMemoryStrategy<typename rclcpp::subscription_traits::has_message_type<CallbackT>::type, AllocatorT>::SharedPtr, std::shared_ptr<PublisherT>)
   [01;36m[Kcreate_subscription[m[K(
   [01;36m[K^~~~~~~~~~~~~~~~~~~[m[K
[01m[K/opt/ros/dashing/include/rclcpp/node.hpp:279:3:[m[K [01;36m[Knote: [m[K  template argument deduction/substitution failed:
[01m[K/home/toby/ros2OnLaptop_ws/src/videoRead/src/VideoRead.cpp:16:132:[m[K [01;31m[Kerror: [m[Ktemplate argument 1 is invalid
         sub = this->create_subscription<sensor_msgs::ImageConstPtr>("camera/image_raw", 1, bind(&videoReader::displayImage,this, 1)[01;31m[K)[m[K;
                                                                                                                                    [01;31m[K^[m[K
In file included from [01m[K/opt/ros/dashing/include/rclcpp/executors/single_threaded_executor.hpp:28:0[m[K,
                 from [01m[K/opt/ros/dashing/include/rclcpp/executors.hpp:22[m[K,
                 from [01m[K/opt/ros/dashing/include/rclcpp/rclcpp.hpp:144[m[K,
                 from [01m[K/home/toby/ros2OnLaptop_ws/src/videoRead/src/VideoRead.cpp:2[m[K:
[01m[K/opt/ros/dashing/include/rclcpp/node.hpp:316:3:[m[K [01;36m[Knote: [m[Kcandidate: template<class MessageT, class CallbackT, class Alloc, class SubscriptionT> std::shared_ptr<SubscriptionT> rclcpp::Node::create_subscription(const string&, CallbackT&&, size_t, rclcpp::callback_group::CallbackGroup::SharedPtr, bool, typename rclcpp::message_memory_strategy::MessageMemoryStrategy<typename rclcpp::subscription_traits::has_message_type<CallbackT>::type, AllocatorT>::SharedPtr, std::shared_ptr<PublisherT>)
   [01;36m[Kcreate_subscription[m[K(
   [01;36m[K^~~~~~~~~~~~~~~~~~~[m[K
[01m[K/opt/ros/dashing/include/rclcpp/node.hpp:316:3:[m[K [01;36m[Knote: [m[K  template argument deduction/substitution failed:
[01m[K/home/toby/ros2OnLaptop_ws/src/videoRead/src/VideoRead.cpp:16:132:[m[K [01;31m[Kerror: [m[Ktemplate argument 1 is invalid
         sub = this->create_subscription<sensor_msgs::ImageConstPtr>("camera/image_raw", 1, bind(&videoReader::displayImage,this, 1)[01;31m[K)[m[K;
                                                                                                                                    [01;31m[K^[m[K
[01m[K/home/toby/ros2OnLaptop_ws/src/videoRead/src/VideoRead.cpp:[m[K In member function â€˜[01m[Kvoid videoReader::displayImage(int)[m[Kâ€™:
[01m[K/home/toby/ros2OnLaptop_ws/src/videoRead/src/VideoRead.cpp:24:81:[m[K [01;31m[Kerror: [m[Kno matching function for call to â€˜[01m[KtoCvCopy(const int&, const char [5])[m[Kâ€™
             cv_ptr = cv_bridge::toCvCopy(img, sensor_msgs::image_encodings::BGR8[01;31m[K)[m[K
                                                                                 [01;31m[K^[m[K
In file included from [01m[K/home/toby/ros2OnLaptop_ws/src/videoRead/src/VideoRead.cpp:5:0[m[K:
[01m[K/opt/ros/dashing/include/cv_bridge/cv_bridge.h:174:12:[m[K [01;36m[Knote: [m[Kcandidate: cv_bridge::CvImagePtr cv_bridge::toCvCopy(const ConstSharedPtr&, const string&)
 CvImagePtr [01;36m[KtoCvCopy[m[K(
            [01;36m[K^~~~~~~~[m[K
[01m[K/opt/ros/dashing/include/cv_bridge/cv_bridge.h:174:12:[m[K [01;36m[Knote: [m[K  no known conversion for argument 1 from â€˜[01m[Kconst int[m[Kâ€™ to â€˜[01m[Kconst ConstSharedPtr& {aka const std::shared_ptr<const sensor_msgs::msg::Image_<std::allocator<void> > >&}[m[Kâ€™
[01m[K/opt/ros/dashing/include/cv_bridge/cv_bridge.h:178:12:[m[K [01;36m[Knote: [m[Kcandidate: cv_bridge::CvImagePtr cv_bridge::toCvCopy(const ConstSharedPtr&, const string&)
 CvImagePtr [01;36m[KtoCvCopy[m[K(
            [01;36m[K^~~~~~~~[m[K
[01m[K/opt/ros/dashing/include/cv_bridge/cv_bridge.h:178:12:[m[K [01;36m[Knote: [m[K  no known conversion for argument 1 from â€˜[01m[Kconst int[m[Kâ€™ to â€˜[01m[Kconst ConstSharedPtr& {aka const std::shared_ptr<const sensor_msgs::msg::CompressedImage_<std::allocator<void> > >&}[m[Kâ€™
[01m[K/opt/ros/dashing/include/cv_bridge/cv_bridge.h:201:12:[m[K [01;36m[Knote: [m[Kcandidate: cv_bridge::CvImagePtr cv_bridge::toCvCopy(const Image&, const string&)
 CvImagePtr [01;36m[KtoCvCopy[m[K(
            [01;36m[K^~~~~~~~[m[K
[01m[K/opt/ros/dashing/include/cv_bridge/cv_bridge.h:201:12:[m[K [01;36m[Knote: [m[K  no known conversion for argument 1 from â€˜[01m[Kconst int[m[Kâ€™ to â€˜[01m[Kconst Image& {aka const sensor_msgs::msg::Image_<std::allocator<void> >&}[m[Kâ€™
[01m[K/opt/ros/dashing/include/cv_bridge/cv_bridge.h:205:12:[m[K [01;36m[Knote: [m[Kcandidate: cv_bridge::CvImagePtr cv_bridge::toCvCopy(const CompressedImage&, const string&)
 CvImagePtr [01;36m[KtoCvCopy[m[K(
            [01;36m[K^~~~~~~~[m[K
[01m[K/opt/ros/dashing/include/cv_bridge/cv_bridge.h:205:12:[m[K [01;36m[Knote: [m[K  no known conversion for argument 1 from â€˜[01m[Kconst int[m[Kâ€™ to â€˜[01m[Kconst CompressedImage& {aka const sensor_msgs::msg::CompressedImage_<std::allocator<void> >&}[m[Kâ€™
[01m[K/home/toby/ros2OnLaptop_ws/src/videoRead/src/VideoRead.cpp:27:13:[m[K [01;31m[Kerror: [m[Kâ€˜[01m[KROS_ERROR[m[Kâ€™ was not declared in this scope
             [01;31m[KROS_ERROR[m[K("cv_bridge exception: %s", e.what());
             [01;31m[K^~~~~~~~~[m[K
[01m[K/home/toby/ros2OnLaptop_ws/src/videoRead/src/VideoRead.cpp:27:13:[m[K [01;36m[Knote: [m[Ksuggested alternative: â€˜[01m[KCV_ERROR[m[Kâ€™
             [01;36m[KROS_ERROR[m[K("cv_bridge exception: %s", e.what());
             [01;36m[K^~~~~~~~~[m[K
             [32m[KCV_ERROR[m[K
[01m[K/home/toby/ros2OnLaptop_ws/src/videoRead/src/VideoRead.cpp:31:9:[m[K [01;31m[Kerror: [m[Kâ€˜[01m[Kimshow[m[Kâ€™ was not declared in this scope
         [01;31m[Kimshow[m[K("Display",cv_ptr->image);
         [01;31m[K^~~~~~[m[K
[01m[K/home/toby/ros2OnLaptop_ws/src/videoRead/src/VideoRead.cpp:[m[K In function â€˜[01m[Kint main(int, char**)[m[Kâ€™:
[01m[K/home/toby/ros2OnLaptop_ws/src/videoRead/src/VideoRead.cpp:38:27:[m[K [01;31m[Kerror: [m[Kâ€˜[01m[KWINDOW_AUTOSIZE[m[Kâ€™ was not declared in this scope
     namedWindow("Display",[01;31m[KWINDOW_AUTOSIZE[m[K);
                           [01;31m[K^~~~~~~~~~~~~~~[m[K
[01m[K/home/toby/ros2OnLaptop_ws/src/videoRead/src/VideoRead.cpp:38:5:[m[K [01;31m[Kerror: [m[Kâ€˜[01m[KnamedWindow[m[Kâ€™ was not declared in this scope
     [01;31m[KnamedWindow[m[K("Display",WINDOW_AUTOSIZE);
     [01;31m[K^~~~~~~~~~~[m[K
CMakeFiles/VideoRead.dir/build.make:62: recipe for target 'CMakeFiles/VideoRead.dir/src/VideoRead.cpp.o' failed
make[2]: *** [CMakeFiles/VideoRead.dir/src/VideoRead.cpp.o] Error 1
CMakeFiles/Makefile2:67: recipe for target 'CMakeFiles/VideoRead.dir/all' failed
make[1]: *** [CMakeFiles/VideoRead.dir/all] Error 2
make: *** [all] Error 2
Makefile:140: recipe for target 'all' failed
