[35m[1mScanning dependencies of target mover[0m
[ 50%] [32mBuilding CXX object CMakeFiles/mover.dir/src/mover.cpp.o[0m
[01m[K/home/toby/ThirdYearProject/ros2TurtleBot3_ws/src/square_move/src/mover.cpp:[m[K In member function â€˜[01m[Kvoid MinimalPublisher::rotate(double, double)[m[Kâ€™:
[01m[K/home/toby/ThirdYearProject/ros2TurtleBot3_ws/src/square_move/src/mover.cpp:71:7:[m[K [01;31m[Kerror: [m[Kexpected â€˜[01m[K,[m[Kâ€™ or â€˜[01m[K;[m[Kâ€™ before â€˜[01m[Kgeometry_msgs[m[Kâ€™
       [01;31m[Kgeometry_msgs[m[K::msg::Twist movement;
       [01;31m[K^~~~~~~~~~~~~[m[K
[01m[K/home/toby/ThirdYearProject/ros2TurtleBot3_ws/src/square_move/src/mover.cpp:72:7:[m[K [01;31m[Kerror: [m[Kâ€˜[01m[Kmovement[m[Kâ€™ was not declared in this scope
       [01;31m[Kmovement[m[K.linear.x = 0.0;
       [01;31m[K^~~~~~~~[m[K
[01m[K/home/toby/ThirdYearProject/ros2TurtleBot3_ws/src/square_move/src/mover.cpp:72:7:[m[K [01;36m[Knote: [m[Ksuggested alternative: â€˜[01m[Kmode_t[m[Kâ€™
       [01;36m[Kmovement[m[K.linear.x = 0.0;
       [01;36m[K^~~~~~~~[m[K
       [32m[Kmode_t[m[K
CMakeFiles/mover.dir/build.make:62: recipe for target 'CMakeFiles/mover.dir/src/mover.cpp.o' failed
make[2]: *** [CMakeFiles/mover.dir/src/mover.cpp.o] Error 1
CMakeFiles/Makefile2:67: recipe for target 'CMakeFiles/mover.dir/all' failed
make[1]: *** [CMakeFiles/mover.dir/all] Error 2
Makefile:140: recipe for target 'all' failed
make: *** [all] Error 2
