[35m[1mScanning dependencies of target mover[0m
[ 50%] [32mBuilding CXX object CMakeFiles/mover.dir/src/mover.cpp.o[0m
[01m[K/home/toby/ThirdYearProject/ros2TurtleBot3_ws/src/square_move/src/mover.cpp:[m[K In member function â€˜[01m[Kvoid MinimalPublisher::travel(double, double)[m[Kâ€™:
[01m[K/home/toby/ThirdYearProject/ros2TurtleBot3_ws/src/square_move/src/mover.cpp:47:5:[m[K [01;31m[Kerror: [m[Kâ€˜[01m[Kstring[m[Kâ€™ was not declared in this scope
     [01;31m[Kstring[m[K travelling = "Moving: " + string(distance) + "m at " + string(speed) + "m/s";
     [01;31m[K^~~~~~[m[K
[01m[K/home/toby/ThirdYearProject/ros2TurtleBot3_ws/src/square_move/src/mover.cpp:47:5:[m[K [01;36m[Knote: [m[Ksuggested alternatives:
In file included from [01m[K/usr/include/c++/7/string:39:0[m[K,
                 from [01m[K/home/toby/ThirdYearProject/ros2TurtleBot3_ws/src/square_move/src/mover.cpp:16[m[K:
[01m[K/usr/include/c++/7/bits/stringfwd.h:74:33:[m[K [01;36m[Knote: [m[K  â€˜[01m[Kstd::__cxx11::string[m[Kâ€™
   typedef basic_string<char>    [01;36m[Kstring[m[K;
                                 [01;36m[K^~~~~~[m[K
[01m[K/usr/include/c++/7/bits/stringfwd.h:74:33:[m[K [01;36m[Knote: [m[K  â€˜[01m[Kstd::__cxx11::string[m[Kâ€™
In file included from [01m[K/opt/ros/dashing/include/rclcpp/client.hpp:39:0[m[K,
                 from [01m[K/opt/ros/dashing/include/rclcpp/callback_group.hpp:23[m[K,
                 from [01m[K/opt/ros/dashing/include/rclcpp/any_executable.hpp:20[m[K,
                 from [01m[K/opt/ros/dashing/include/rclcpp/memory_strategy.hpp:24[m[K,
                 from [01m[K/opt/ros/dashing/include/rclcpp/memory_strategies.hpp:18[m[K,
                 from [01m[K/opt/ros/dashing/include/rclcpp/executor.hpp:33[m[K,
                 from [01m[K/opt/ros/dashing/include/rclcpp/executors/multi_threaded_executor.hpp:24[m[K,
                 from [01m[K/opt/ros/dashing/include/rclcpp/executors.hpp:21[m[K,
                 from [01m[K/opt/ros/dashing/include/rclcpp/rclcpp.hpp:144[m[K,
                 from [01m[K/home/toby/ThirdYearProject/ros2TurtleBot3_ws/src/square_move/src/mover.cpp:23[m[K:
[01m[K/home/toby/ThirdYearProject/ros2TurtleBot3_ws/src/square_move/src/mover.cpp:48:36:[m[K [01;31m[Kerror: [m[Kâ€˜[01m[Ktravelling[m[Kâ€™ was not declared in this scope
     RCLCPP_INFO(this->get_logger(),[01;31m[Kt[m[Kravelling);
                                    [01;31m[K^[m[K
[01m[K/opt/ros/dashing/include/rcutils/logging_macros.h:72:64:[m[K [01;36m[Knote: [m[Kin definition of macro â€˜[01m[KRCUTILS_LOG_COND_NAMED[m[Kâ€™
       rcutils_log(&__rcutils_logging_location, severity, name, [01;36m[K__VA_ARGS__[m[K); \
                                                                [01;36m[K^~~~~~~~~~~[m[K
[01m[K/opt/ros/dashing/include/rclcpp/logging.hpp:218:5:[m[K [01;36m[Knote: [m[Kin expansion of macro â€˜[01m[KRCUTILS_LOG_INFO_NAMED[m[Kâ€™
     [01;36m[KRCUTILS_LOG_INFO_NAMED[m[K( \
     [01;36m[K^~~~~~~~~~~~~~~~~~~~~~[m[K
[01m[K/opt/ros/dashing/include/rclcpp/logging.hpp:220:28:[m[K [01;36m[Knote: [m[Kin expansion of macro â€˜[01m[KRCLCPP_FIRST_ARG[m[Kâ€™
       rclcpp::get_c_string([01;36m[KRCLCPP_FIRST_ARG[m[K(__VA_ARGS__, "")), \
                            [01;36m[K^~~~~~~~~~~~~~~~[m[K
[01m[K/home/toby/ThirdYearProject/ros2TurtleBot3_ws/src/square_move/src/mover.cpp:48:5:[m[K [01;36m[Knote: [m[Kin expansion of macro â€˜[01m[KRCLCPP_INFO[m[Kâ€™
     [01;36m[KRCLCPP_INFO[m[K(this->get_logger(),travelling);
     [01;36m[K^~~~~~~~~~~[m[K
[01m[K/home/toby/ThirdYearProject/ros2TurtleBot3_ws/src/square_move/src/mover.cpp:48:36:[m[K [01;36m[Knote: [m[Ksuggested alternative: â€˜[01m[Ktravel[m[Kâ€™
     RCLCPP_INFO(this->get_logger(),[01;36m[Kt[m[Kravelling);
                                    [01;36m[K^[m[K
[01m[K/opt/ros/dashing/include/rcutils/logging_macros.h:72:64:[m[K [01;36m[Knote: [m[Kin definition of macro â€˜[01m[KRCUTILS_LOG_COND_NAMED[m[Kâ€™
       rcutils_log(&__rcutils_logging_location, severity, name, [01;36m[K__VA_ARGS__[m[K); \
                                                                [01;36m[K^~~~~~~~~~~[m[K
[01m[K/opt/ros/dashing/include/rclcpp/logging.hpp:218:5:[m[K [01;36m[Knote: [m[Kin expansion of macro â€˜[01m[KRCUTILS_LOG_INFO_NAMED[m[Kâ€™
     [01;36m[KRCUTILS_LOG_INFO_NAMED[m[K( \
     [01;36m[K^~~~~~~~~~~~~~~~~~~~~~[m[K
[01m[K/opt/ros/dashing/include/rclcpp/logging.hpp:220:28:[m[K [01;36m[Knote: [m[Kin expansion of macro â€˜[01m[KRCLCPP_FIRST_ARG[m[Kâ€™
       rclcpp::get_c_string([01;36m[KRCLCPP_FIRST_ARG[m[K(__VA_ARGS__, "")), \
                            [01;36m[K^~~~~~~~~~~~~~~~[m[K
[01m[K/home/toby/ThirdYearProject/ros2TurtleBot3_ws/src/square_move/src/mover.cpp:48:5:[m[K [01;36m[Knote: [m[Kin expansion of macro â€˜[01m[KRCLCPP_INFO[m[Kâ€™
     [01;36m[KRCLCPP_INFO[m[K(this->get_logger(),travelling);
     [01;36m[K^~~~~~~~~~~[m[K
[01m[K/home/toby/ThirdYearProject/ros2TurtleBot3_ws/src/square_move/src/mover.cpp:[m[K In member function â€˜[01m[Kvoid MinimalPublisher::rotate(double, double)[m[Kâ€™:
[01m[K/home/toby/ThirdYearProject/ros2TurtleBot3_ws/src/square_move/src/mover.cpp:70:7:[m[K [01;31m[Kerror: [m[Kâ€˜[01m[Kstring[m[Kâ€™ was not declared in this scope
       [01;31m[Kstring[m[K travelling = "turning: " + string(angle) + "deg at " + string(speed) + "m/s";
       [01;31m[K^~~~~~[m[K
[01m[K/home/toby/ThirdYearProject/ros2TurtleBot3_ws/src/square_move/src/mover.cpp:70:7:[m[K [01;36m[Knote: [m[Ksuggested alternatives:
In file included from [01m[K/usr/include/c++/7/string:39:0[m[K,
                 from [01m[K/home/toby/ThirdYearProject/ros2TurtleBot3_ws/src/square_move/src/mover.cpp:16[m[K:
[01m[K/usr/include/c++/7/bits/stringfwd.h:74:33:[m[K [01;36m[Knote: [m[K  â€˜[01m[Kstd::__cxx11::string[m[Kâ€™
   typedef basic_string<char>    [01;36m[Kstring[m[K;
                                 [01;36m[K^~~~~~[m[K
[01m[K/usr/include/c++/7/bits/stringfwd.h:74:33:[m[K [01;36m[Knote: [m[K  â€˜[01m[Kstd::__cxx11::string[m[Kâ€™
In file included from [01m[K/opt/ros/dashing/include/rclcpp/client.hpp:39:0[m[K,
                 from [01m[K/opt/ros/dashing/include/rclcpp/callback_group.hpp:23[m[K,
                 from [01m[K/opt/ros/dashing/include/rclcpp/any_executable.hpp:20[m[K,
                 from [01m[K/opt/ros/dashing/include/rclcpp/memory_strategy.hpp:24[m[K,
                 from [01m[K/opt/ros/dashing/include/rclcpp/memory_strategies.hpp:18[m[K,
                 from [01m[K/opt/ros/dashing/include/rclcpp/executor.hpp:33[m[K,
                 from [01m[K/opt/ros/dashing/include/rclcpp/executors/multi_threaded_executor.hpp:24[m[K,
                 from [01m[K/opt/ros/dashing/include/rclcpp/executors.hpp:21[m[K,
                 from [01m[K/opt/ros/dashing/include/rclcpp/rclcpp.hpp:144[m[K,
                 from [01m[K/home/toby/ThirdYearProject/ros2TurtleBot3_ws/src/square_move/src/mover.cpp:23[m[K:
[01m[K/home/toby/ThirdYearProject/ros2TurtleBot3_ws/src/square_move/src/mover.cpp:71:38:[m[K [01;31m[Kerror: [m[Kâ€˜[01m[Ktravelling[m[Kâ€™ was not declared in this scope
       RCLCPP_INFO(this->get_logger(),[01;31m[Kt[m[Kravelling);
                                      [01;31m[K^[m[K
[01m[K/opt/ros/dashing/include/rcutils/logging_macros.h:72:64:[m[K [01;36m[Knote: [m[Kin definition of macro â€˜[01m[KRCUTILS_LOG_COND_NAMED[m[Kâ€™
       rcutils_log(&__rcutils_logging_location, severity, name, [01;36m[K__VA_ARGS__[m[K); \
                                                                [01;36m[K^~~~~~~~~~~[m[K
[01m[K/opt/ros/dashing/include/rclcpp/logging.hpp:218:5:[m[K [01;36m[Knote: [m[Kin expansion of macro â€˜[01m[KRCUTILS_LOG_INFO_NAMED[m[Kâ€™
     [01;36m[KRCUTILS_LOG_INFO_NAMED[m[K( \
     [01;36m[K^~~~~~~~~~~~~~~~~~~~~~[m[K
[01m[K/opt/ros/dashing/include/rclcpp/logging.hpp:220:28:[m[K [01;36m[Knote: [m[Kin expansion of macro â€˜[01m[KRCLCPP_FIRST_ARG[m[Kâ€™
       rclcpp::get_c_string([01;36m[KRCLCPP_FIRST_ARG[m[K(__VA_ARGS__, "")), \
                            [01;36m[K^~~~~~~~~~~~~~~~[m[K
[01m[K/home/toby/ThirdYearProject/ros2TurtleBot3_ws/src/square_move/src/mover.cpp:71:7:[m[K [01;36m[Knote: [m[Kin expansion of macro â€˜[01m[KRCLCPP_INFO[m[Kâ€™
       [01;36m[KRCLCPP_INFO[m[K(this->get_logger(),travelling);
       [01;36m[K^~~~~~~~~~~[m[K
[01m[K/home/toby/ThirdYearProject/ros2TurtleBot3_ws/src/square_move/src/mover.cpp:71:38:[m[K [01;36m[Knote: [m[Ksuggested alternative: â€˜[01m[Ktravel[m[Kâ€™
       RCLCPP_INFO(this->get_logger(),[01;36m[Kt[m[Kravelling);
                                      [01;36m[K^[m[K
[01m[K/opt/ros/dashing/include/rcutils/logging_macros.h:72:64:[m[K [01;36m[Knote: [m[Kin definition of macro â€˜[01m[KRCUTILS_LOG_COND_NAMED[m[Kâ€™
       rcutils_log(&__rcutils_logging_location, severity, name, [01;36m[K__VA_ARGS__[m[K); \
                                                                [01;36m[K^~~~~~~~~~~[m[K
[01m[K/opt/ros/dashing/include/rclcpp/logging.hpp:218:5:[m[K [01;36m[Knote: [m[Kin expansion of macro â€˜[01m[KRCUTILS_LOG_INFO_NAMED[m[Kâ€™
     [01;36m[KRCUTILS_LOG_INFO_NAMED[m[K( \
     [01;36m[K^~~~~~~~~~~~~~~~~~~~~~[m[K
[01m[K/opt/ros/dashing/include/rclcpp/logging.hpp:220:28:[m[K [01;36m[Knote: [m[Kin expansion of macro â€˜[01m[KRCLCPP_FIRST_ARG[m[Kâ€™
       rclcpp::get_c_string([01;36m[KRCLCPP_FIRST_ARG[m[K(__VA_ARGS__, "")), \
                            [01;36m[K^~~~~~~~~~~~~~~~[m[K
[01m[K/home/toby/ThirdYearProject/ros2TurtleBot3_ws/src/square_move/src/mover.cpp:71:7:[m[K [01;36m[Knote: [m[Kin expansion of macro â€˜[01m[KRCLCPP_INFO[m[Kâ€™
       [01;36m[KRCLCPP_INFO[m[K(this->get_logger(),travelling);
       [01;36m[K^~~~~~~~~~~[m[K
CMakeFiles/mover.dir/build.make:62: recipe for target 'CMakeFiles/mover.dir/src/mover.cpp.o' failed
make[2]: *** [CMakeFiles/mover.dir/src/mover.cpp.o] Error 1
make[1]: *** [CMakeFiles/mover.dir/all] Error 2
make: *** [all] Error 2
CMakeFiles/Makefile2:67: recipe for target 'CMakeFiles/mover.dir/all' failed
Makefile:140: recipe for target 'all' failed
