-- Found ament_cmake: 0.7.3 (/opt/ros/dashing/share/ament_cmake/cmake)
-- Using PYTHON_EXECUTABLE: /usr/bin/python3
-- Override CMake install command with custom implementation using symlinks instead of copying resources
-- Found rclcpp: 0.7.11 (/opt/ros/dashing/share/rclcpp/cmake)
-- Found rosidl_adapter: 0.7.7 (/opt/ros/dashing/share/rosidl_adapter/cmake)
-- Found rmw_implementation_cmake: 0.7.2 (/opt/ros/dashing/share/rmw_implementation_cmake/cmake)
-- Found std_msgs: 0.7.0 (/opt/ros/dashing/share/std_msgs/cmake)
-- Found turtlebot3_node: 2.0.1 (/home/toby/ThirdYearProject/ros2TurtleBot3_ws/install/turtlebot3_node/share/turtlebot3_node/cmake)
CMake Warning at /home/toby/ThirdYearProject/ros2TurtleBot3_ws/install/turtlebot3_node/share/turtlebot3_node/cmake/ament_cmake_export_include_directories-extras.cmake:11 (message):
  Package 'turtlebot3_node' exports the include directory
  '/home/toby/ThirdYearProject/ros2TurtleBot3_ws/install/turtlebot3_node/share/turtlebot3_node/cmake/../../../include'
  which doesn't exist
Call Stack (most recent call first):
  /home/toby/ThirdYearProject/ros2TurtleBot3_ws/install/turtlebot3_node/share/turtlebot3_node/cmake/turtlebot3_nodeConfig.cmake:38 (include)
  CMakeLists.txt:22 (find_package)


-- Found ament_lint_auto: 0.7.11 (/opt/ros/dashing/share/ament_lint_auto/cmake)
-- Added test 'copyright' to check for copyright in CMake / C / C++ / Python code
-- Added test 'cppcheck' to perform static code analysis on C / C++ code
-- Configured cppcheck include dirs: $<BUILD_INTERFACE:/home/toby/ThirdYearProject/ros2TurtleBot3_ws/src/square_move/include>
-- Added test 'cpplint' to check C / C++ code against the Google style
-- Added test 'lint_cmake' to check CMake code style
-- Added test 'uncrustify' to check C / C++ code style
-- Added test 'xmllint' to check XML markup files
-- Configuring done
-- Generating done
-- Build files have been written to: /home/toby/ThirdYearProject/ros2TurtleBot3_ws/build/square_move
[35m[1mScanning dependencies of target mover[0m
[ 50%] [32mBuilding CXX object CMakeFiles/mover.dir/src/mover.cpp.o[0m
[01m[K/home/toby/ThirdYearProject/ros2TurtleBot3_ws/src/square_move/src/mover.cpp:20:10:[m[K [01;31m[Kfatal error: [m[Kturtlebot3_node/turtlebot3.hpp: No such file or directory
 #include [01;31m[K"turtlebot3_node/turtlebot3.hpp"[m[K
          [01;31m[K^~~~~~~~~~~~~~~~~~~~~~~~~~~~~~~~[m[K
compilation terminated.
CMakeFiles/mover.dir/build.make:62: recipe for target 'CMakeFiles/mover.dir/src/mover.cpp.o' failed
make[2]: *** [CMakeFiles/mover.dir/src/mover.cpp.o] Error 1
CMakeFiles/Makefile2:67: recipe for target 'CMakeFiles/mover.dir/all' failed
make[1]: *** [CMakeFiles/mover.dir/all] Error 2
Makefile:140: recipe for target 'all' failed
make: *** [all] Error 2
